current directory: C:/Users/n_takagi/training/training-app/vender/bundle/ruby/3.2.0/gems/msgpack-1.7.0/ext/msgpack
C:/Ruby32-x64/bin/ruby.exe -I C:/Ruby32-x64/lib/ruby/3.2.0 extconf.rb
checking for ruby/st.h... yes
checking for st.h... no
checking for rb_enc_interned_str() in ruby.h... yes
checking for rb_hash_new_capa() in ruby.h... yes
creating Makefile

current directory: C:/Users/n_takagi/training/training-app/vender/bundle/ruby/3.2.0/gems/msgpack-1.7.0/ext/msgpack
make DESTDIR\= sitearchdir\=./.gem.20230507-5152-mhvexn sitelibdir\=./.gem.20230507-5152-mhvexn clean

current directory: C:/Users/n_takagi/training/training-app/vender/bundle/ruby/3.2.0/gems/msgpack-1.7.0/ext/msgpack
make DESTDIR\= sitearchdir\=./.gem.20230507-5152-mhvexn sitelibdir\=./.gem.20230507-5152-mhvexn
generating msgpack-x64-mingw-ucrt.def
compiling buffer.c
compiling buffer_class.c
compiling extension_value_class.c
compiling factory_class.c
compiling packer.c
compiling packer_class.c
compiling packer_ext_registry.c
compiling rbinit.c
compiling rmem.c
compiling unpacker.c
compiling unpacker_class.c
compiling unpacker_ext_registry.c
linking shared-object msgpack/msgpack.so

current directory: C:/Users/n_takagi/training/training-app/vender/bundle/ruby/3.2.0/gems/msgpack-1.7.0/ext/msgpack
make DESTDIR\= sitearchdir\=./.gem.20230507-5152-mhvexn sitelibdir\=./.gem.20230507-5152-mhvexn install
/usr/bin/install -c -m 0755 msgpack.so ./.gem.20230507-5152-mhvexn/msgpack

current directory: C:/Users/n_takagi/training/training-app/vender/bundle/ruby/3.2.0/gems/msgpack-1.7.0/ext/msgpack
make DESTDIR\= sitearchdir\=./.gem.20230507-5152-mhvexn sitelibdir\=./.gem.20230507-5152-mhvexn clean
