current directory: C:/Users/n_takagi/training/training-app/vender/bundle/ruby/3.2.0/gems/puma-5.6.5/ext/puma_http11
C:/Ruby32-x64/bin/ruby.exe -I C:/Ruby32-x64/lib/ruby/3.2.0 extconf.rb
checking for whether -fstack-protector-strong -D_FORTIFY_SOURCE=2 is accepted as CFLAGS... yes
checking for whether -fstack-protector-strong -l:libssp.a is accepted as LDFLAGS... yes
checking for -lssp... yes
checking for BIO_read() in -lcrypto... no
checking for BIO_read() in -llibeay32... no
** Puma will be compiled without SSL support
creating Makefile

current directory: C:/Users/n_takagi/training/training-app/vender/bundle/ruby/3.2.0/gems/puma-5.6.5/ext/puma_http11
make DESTDIR\= sitearchdir\=./.gem.20230507-5152-kaz77n sitelibdir\=./.gem.20230507-5152-kaz77n clean

current directory: C:/Users/n_takagi/training/training-app/vender/bundle/ruby/3.2.0/gems/puma-5.6.5/ext/puma_http11
make DESTDIR\= sitearchdir\=./.gem.20230507-5152-kaz77n sitelibdir\=./.gem.20230507-5152-kaz77n
generating puma_http11-x64-mingw-ucrt.def
compiling http11_parser.c
compiling mini_ssl.c
compiling puma_http11.c
linking shared-object puma/puma_http11.so

current directory: C:/Users/n_takagi/training/training-app/vender/bundle/ruby/3.2.0/gems/puma-5.6.5/ext/puma_http11
make DESTDIR\= sitearchdir\=./.gem.20230507-5152-kaz77n sitelibdir\=./.gem.20230507-5152-kaz77n install
/usr/bin/install -c -m 0755 puma_http11.so ./.gem.20230507-5152-kaz77n/puma

current directory: C:/Users/n_takagi/training/training-app/vender/bundle/ruby/3.2.0/gems/puma-5.6.5/ext/puma_http11
make DESTDIR\= sitearchdir\=./.gem.20230507-5152-kaz77n sitelibdir\=./.gem.20230507-5152-kaz77n clean
